::1 - - [05/Oct/2025:16:11:22 +0000] "POST /user/signup HTTP/1.1" 400 49
::1 - - [05/Oct/2025:16:11:30 +0000] "POST /user/signup HTTP/1.1" 201 162
::1 - - [05/Oct/2025:16:12:10 +0000] "POST /user/signup HTTP/1.1" 201 152
::1 - - [05/Oct/2025:16:12:28 +0000] "POST /user/login HTTP/1.1" 200 363
::1 - - [05/Oct/2025:16:12:29 +0000] "GET /user/rooms HTTP/1.1" 200 12
::1 - - [05/Oct/2025:16:12:29 +0000] "GET /user/rooms HTTP/1.1" 304 -
::1 - - [06/Oct/2025:03:57:57 +0000] "POST /user/login HTTP/1.1" 200 363
::1 - - [06/Oct/2025:03:57:58 +0000] "GET /user/rooms HTTP/1.1" 304 -
::1 - - [06/Oct/2025:03:58:01 +0000] "GET /user/rooms HTTP/1.1" 304 -
::1 - - [06/Oct/2025:03:58:11 +0000] "POST /room/create/roomno1 HTTP/1.1" 200 175
::1 - - [06/Oct/2025:03:58:14 +0000] "POST /room/join/roomno1 HTTP/1.1" 200 68
::1 - - [06/Oct/2025:03:59:10 +0000] "POST /user/signup HTTP/1.1" 201 159
::1 - - [06/Oct/2025:03:59:22 +0000] "POST /user/login HTTP/1.1" 200 370
::1 - - [06/Oct/2025:03:59:24 +0000] "GET /user/rooms HTTP/1.1" 200 12
::1 - - [06/Oct/2025:03:59:27 +0000] "GET /user/rooms HTTP/1.1" 304 -
::1 - - [06/Oct/2025:04:00:07 +0000] "POST /room/join/roomno1 HTTP/1.1" 200 68
::1 - - [06/Oct/2025:04:30:05 +0000] "POST /user/login HTTP/1.1" 200 363
::1 - - [06/Oct/2025:04:30:08 +0000] "GET /user/rooms HTTP/1.1" 200 76
::1 - - [06/Oct/2025:04:30:09 +0000] "GET /user/rooms HTTP/1.1" 304 -
::1 - - [06/Oct/2025:04:30:13 +0000] "POST /room/join/roomno1 HTTP/1.1" 200 68
::1 - - [06/Oct/2025:04:33:37 +0000] "GET /user/rooms HTTP/1.1" 400 -
::1 - - [06/Oct/2025:04:33:40 +0000] "GET /user/rooms HTTP/1.1" 200 76
::1 - - [06/Oct/2025:04:43:35 +0000] "GET /user/rooms HTTP/1.1" 304 -
::1 - - [06/Oct/2025:04:43:36 +0000] "GET /user/rooms HTTP/1.1" 304 -
::1 - - [06/Oct/2025:04:43:38 +0000] "GET /user/rooms HTTP/1.1" 304 -
::1 - - [06/Oct/2025:04:43:40 +0000] "GET /user/rooms HTTP/1.1" 304 -
::1 - - [06/Oct/2025:04:54:01 +0000] "POST /user/signup HTTP/1.1" 400 49
::1 - - [06/Oct/2025:04:54:10 +0000] "POST /user/signup HTTP/1.1" 201 148
::1 - - [06/Oct/2025:04:54:16 +0000] "POST /user/login HTTP/1.1" 200 359
::1 - - [06/Oct/2025:04:54:17 +0000] "GET /user/rooms HTTP/1.1" 200 12
::1 - - [06/Oct/2025:04:54:19 +0000] "GET /user/rooms HTTP/1.1" 304 -
::1 - - [06/Oct/2025:04:54:37 +0000] "POST /room/create/room1 HTTP/1.1" 400 136
::1 - - [06/Oct/2025:04:54:47 +0000] "POST /room/create/room1 HTTP/1.1" 400 136
::1 - - [06/Oct/2025:04:55:56 +0000] "POST /room/create/room2 HTTP/1.1" 400 136
::1 - - [06/Oct/2025:04:57:38 +0000] "POST /room/create/90 HTTP/1.1" 400 26
::1 - - [06/Oct/2025:04:57:59 +0000] "GET /user/rooms HTTP/1.1" 304 -
::1 - - [06/Oct/2025:04:58:00 +0000] "GET /user/rooms HTTP/1.1" 304 -
::1 - - [06/Oct/2025:04:58:11 +0000] "POST /room/create/56 HTTP/1.1" 400 26
::1 - - [06/Oct/2025:04:58:41 +0000] "POST /room/create/21 HTTP/1.1" 400 26
::1 - - [06/Oct/2025:05:00:13 +0000] "GET /user/rooms HTTP/1.1" 304 -
::1 - - [06/Oct/2025:05:00:14 +0000] "GET /user/rooms HTTP/1.1" 304 -
::1 - - [06/Oct/2025:05:00:41 +0000] "POST /room/create/room1 HTTP/1.1" 400 31
::1 - - [06/Oct/2025:05:05:37 +0000] "GET /user/rooms HTTP/1.1" 304 -
::1 - - [06/Oct/2025:05:05:39 +0000] "GET /user/rooms HTTP/1.1" 304 -
::1 - - [06/Oct/2025:05:05:46 +0000] "POST /room/create/room1 HTTP/1.1" 400 136
::1 - - [06/Oct/2025:06:52:31 +0000] "POST /user/login HTTP/1.1" 200 359
::1 - - [06/Oct/2025:06:52:32 +0000] "GET /user/rooms HTTP/1.1" 200 76
::1 - - [06/Oct/2025:06:52:33 +0000] "GET /user/rooms HTTP/1.1" 304 -
::1 - - [06/Oct/2025:06:52:42 +0000] "POST /room/create/325 HTTP/1.1" 200 173
::1 - - [06/Oct/2025:06:52:52 +0000] "POST /room/join/325 HTTP/1.1" 200 66
::1 - - [06/Oct/2025:06:53:17 +0000] "POST /user/login HTTP/1.1" 200 363
::1 - - [06/Oct/2025:06:53:18 +0000] "GET /user/rooms HTTP/1.1" 200 76
::1 - - [06/Oct/2025:06:53:20 +0000] "GET /user/rooms HTTP/1.1" 304 -
::1 - - [06/Oct/2025:06:53:24 +0000] "POST /room/join/325 HTTP/1.1" 200 66
